<?xml version="1.0" encoding="UTF-8"?>
<!-- Generated by org.testng.reporters.JUnitReportReporter -->
<testsuite hostname="5993L11" failures="0" tests="2" name="com.cicd.automation.LaunchChromeBrowser" time="24.797" errors="0" timestamp="2025-03-15T18:27:23 IST" skipped="0">
  <testcase classname="com.cicd.automation.LaunchChromeBrowser" name="Test1" time="16.866"/>
  <testcase classname="com.cicd.automation.LaunchChromeBrowser" name="Test2" time="7.931"/>
</testsuite> <!-- com.cicd.automation.LaunchChromeBrowser -->
