<?xml version="1.0" encoding="UTF-8"?>
<testng-results ignored="0" total="2" passed="2" failed="0" skipped="0">
  <reporter-output>
  </reporter-output>
  <suite started-at="2025-03-15T18:26:35 IST" name="Default suite" finished-at="2025-03-15T18:27:23 IST" duration-ms="48103">
    <groups>
    </groups>
    <test started-at="2025-03-15T18:26:35 IST" name="Default test" finished-at="2025-03-15T18:27:23 IST" duration-ms="48103">
      <class name="com.cicd.automation.LaunchChromeBrowser">
        <test-method is-config="true" signature="launchDriver()[pri:0, instance:com.cicd.automation.LaunchChromeBrowser@76a4ebf2]" started-at="2025-03-15T18:26:35 IST" name="launchDriver" finished-at="2025-03-15T18:26:58 IST" duration-ms="23135" status="PASS">
          <reporter-output>
          </reporter-output>
        </test-method> <!-- launchDriver -->
        <test-method signature="Test1()[pri:0, instance:com.cicd.automation.LaunchChromeBrowser@76a4ebf2]" started-at="2025-03-15T18:26:58 IST" name="Test1" finished-at="2025-03-15T18:27:15 IST" duration-ms="16866" status="PASS">
          <reporter-output>
          </reporter-output>
        </test-method> <!-- Test1 -->
        <test-method signature="Test2()[pri:0, instance:com.cicd.automation.LaunchChromeBrowser@76a4ebf2]" started-at="2025-03-15T18:27:15 IST" name="Test2" finished-at="2025-03-15T18:27:23 IST" duration-ms="7931" status="PASS">
          <reporter-output>
          </reporter-output>
        </test-method> <!-- Test2 -->
      </class> <!-- com.cicd.automation.LaunchChromeBrowser -->
    </test> <!-- Default test -->
  </suite> <!-- Default suite -->
</testng-results>
